Determining if the pthread_create exist failed with the following output:
Change Dir: /home/edd/Toretto/catkin_ws/build/CMakeFiles/CMakeTmp

Run Build Command:/usr/bin/make "cmTryCompileExec2669036320/fast"
/usr/bin/make -f CMakeFiles/cmTryCompileExec2669036320.dir/build.make CMakeFiles/cmTryCompileExec2669036320.dir/build
make[1]: Entering directory `/home/edd/Toretto/catkin_ws/build/CMakeFiles/CMakeTmp'
/usr/bin/cmake -E cmake_progress_report /home/edd/Toretto/catkin_ws/build/CMakeFiles/CMakeTmp/CMakeFiles 1
Building C object CMakeFiles/cmTryCompileExec2669036320.dir/CheckSymbolExists.c.o
/usr/bin/cc    -o CMakeFiles/cmTryCompileExec2669036320.dir/CheckSymbolExists.c.o   -c /home/edd/Toretto/catkin_ws/build/CMakeFiles/CMakeTmp/CheckSymbolExists.c
Linking C executable cmTryCompileExec2669036320
/usr/bin/cmake -E cmake_link_script CMakeFiles/cmTryCompileExec2669036320.dir/link.txt --verbose=1
/usr/bin/cc       CMakeFiles/cmTryCompileExec2669036320.dir/CheckSymbolExists.c.o  -o cmTryCompileExec2669036320 -rdynamic 
CMakeFiles/cmTryCompileExec2669036320.dir/CheckSymbolExists.c.o: In function `main':
CheckSymbolExists.c:(.text+0x16): undefined reference to `pthread_create'
collect2: error: ld returned 1 exit status
make[1]: Leaving directory `/home/edd/Toretto/catkin_ws/build/CMakeFiles/CMakeTmp'
make[1]: *** [cmTryCompileExec2669036320] Error 1
make: *** [cmTryCompileExec2669036320/fast] Error 2

File /home/edd/Toretto/catkin_ws/build/CMakeFiles/CMakeTmp/CheckSymbolExists.c:
/* */
#include <pthread.h>

int main(int argc, char** argv)
{
  (void)argv;
#ifndef pthread_create
  return ((int*)(&pthread_create))[argc];
#else
  (void)argc;
  return 0;
#endif
}

Determining if the function pthread_create exists in the pthreads failed with the following output:
Change Dir: /home/edd/Toretto/catkin_ws/build/CMakeFiles/CMakeTmp

Run Build Command:/usr/bin/make "cmTryCompileExec2826553714/fast"
/usr/bin/make -f CMakeFiles/cmTryCompileExec2826553714.dir/build.make CMakeFiles/cmTryCompileExec2826553714.dir/build
make[1]: Entering directory `/home/edd/Toretto/catkin_ws/build/CMakeFiles/CMakeTmp'
/usr/bin/cmake -E cmake_progress_report /home/edd/Toretto/catkin_ws/build/CMakeFiles/CMakeTmp/CMakeFiles 1
Building C object CMakeFiles/cmTryCompileExec2826553714.dir/CheckFunctionExists.c.o
/usr/bin/cc   -DCHECK_FUNCTION_EXISTS=pthread_create   -o CMakeFiles/cmTryCompileExec2826553714.dir/CheckFunctionExists.c.o   -c /usr/share/cmake-2.8/Modules/CheckFunctionExists.c
Linking C executable cmTryCompileExec2826553714
/usr/bin/cmake -E cmake_link_script CMakeFiles/cmTryCompileExec2826553714.dir/link.txt --verbose=1
/usr/bin/cc   -DCHECK_FUNCTION_EXISTS=pthread_create    CMakeFiles/cmTryCompileExec2826553714.dir/CheckFunctionExists.c.o  -o cmTryCompileExec2826553714 -rdynamic -lpthreads 
/usr/bin/ld: cannot find -lpthreads
collect2: error: ld returned 1 exit status
make[1]: *** [cmTryCompileExec2826553714] Error 1
make[1]: Leaving directory `/home/edd/Toretto/catkin_ws/build/CMakeFiles/CMakeTmp'
make: *** [cmTryCompileExec2826553714/fast] Error 2


